# JRE version: Java(TM) SE Runtime Environment (20.0.1+9) (build 20.0.1+9-29)
# Java VM: Java HotSpot(TM) 64-Bit Server VM (20.0.1+9-29, mixed mode, emulated-client, sharing, tiered, compressed oops, compressed class ptrs, g1 gc, windows-amd64)
GC Precious Log:
 CardTable entry size: 512
 Card Set container configuration: InlinePtr #cards 5 size 8 Array Of Cards #cards 12 size 40 Howl #buckets 4 coarsen threshold 1843 Howl Bitmap #cards 512 size 80 coarsen threshold 460 Card regions per heap region 1 cards per card region 2048
 CPUs: 12 total, 12 available
 Memory: 6990M
 Large Page Support: Disabled
 NUMA Support: Disabled
 Compressed Oops: Enabled (32-bit)
 Heap Region Size: 1M
 Heap Min Capacity: 8M
 Heap Initial Capacity: 110M
 Heap Max Capacity: 1748M
 Pre-touch: Disabled
 Parallel Workers: 10
 Concurrent Workers: 3
 Concurrent Refinement Workers: 10
 Periodic GC: Disabled
Heap:
 garbage-first heap   total 112640K, used 47104K [0x0000000092c00000, 0x0000000100000000)
  region size 1024K, 5 young (5120K), 5 survivors (5120K)
 Metaspace       used 8102K, committed 8448K, reserved 1114112K
  class space    used 1045K, committed 1216K, reserved 1048576K
GC Heap History (9 events):
Event: 2.694 GC heap before
{Heap before GC invocations=0 (full 0):
 garbage-first heap   total 112640K, used 22528K [0x0000000092c00000, 0x0000000100000000)
  region size 1024K, 23 young (23552K), 0 survivors (0K)
 Metaspace       used 3351K, committed 3584K, reserved 1114112K
  class space    used 388K, committed 512K, reserved 1048576K
}
Event: 2.740 GC heap after
{Heap after GC invocations=1 (full 0):
 garbage-first heap   total 112640K, used 12608K [0x0000000092c00000, 0x0000000100000000)
  region size 1024K, 3 young (3072K), 3 survivors (3072K)
 Metaspace       used 3351K, committed 3584K, reserved 1114112K
  class space    used 388K, committed 512K, reserved 1048576K
}
Event: 3.456 GC heap before
{Heap before GC invocations=1 (full 0):
 garbage-first heap   total 112640K, used 32064K [0x0000000092c00000, 0x0000000100000000)
  region size 1024K, 20 young (20480K), 3 survivors (3072K)
 Metaspace       used 3569K, committed 3776K, reserved 1114112K
  class space    used 429K, committed 512K, reserved 1048576K
}
Event: 3.487 GC heap after
{Heap after GC invocations=2 (full 0):
 garbage-first heap   total 112640K, used 24064K [0x0000000092c00000, 0x0000000100000000)
  region size 1024K, 3 young (3072K), 3 survivors (3072K)
 Metaspace       used 3569K, committed 3776K, reserved 1114112K
  class space    used 429K, committed 512K, reserved 1048576K
}
Event: 3.690 GC heap before
{Heap before GC invocations=2 (full 0):
 garbage-first heap   total 112640K, used 43520K [0x0000000092c00000, 0x0000000100000000)
  region size 1024K, 22 young (22528K), 3 survivors (3072K)
 Metaspace       used 3569K, committed 3776K, reserved 1114112K
  class space    used 429K, committed 512K, reserved 1048576K
}
Event: 3.707 GC heap after
{Heap after GC invocations=3 (full 0):
 garbage-first heap   total 112640K, used 29184K [0x0000000092c00000, 0x0000000100000000)
  region size 1024K, 3 young (3072K), 3 survivors (3072K)
 Metaspace       used 3569K, committed 3776K, reserved 1114112K
  class space    used 429K, committed 512K, reserved 1048576K
}
Event: 3.990 GC heap before
{Heap before GC invocations=3 (full 0):
 garbage-first heap   total 112640K, used 64000K [0x0000000092c00000, 0x0000000100000000)
  region size 1024K, 36 young (36864K), 3 survivors (3072K)
 Metaspace       used 3570K, committed 3776K, reserved 1114112K
  class space    used 430K, committed 512K, reserved 1048576K
}
Event: 4.029 GC heap after
{Heap after GC invocations=4 (full 0):
 garbage-first heap   total 112640K, used 39936K [0x0000000092c00000, 0x0000000100000000)
  region size 1024K, 5 young (5120K), 5 survivors (5120K)
 Metaspace       used 3570K, committed 3776K, reserved 1114112K
  class space    used 430K, committed 512K, reserved 1048576K
}
Event: 4.806 GC heap before
{Heap before GC invocations=4 (full 0):
 garbage-first heap   total 112640K, used 74752K [0x0000000092c00000, 0x0000000100000000)
  region size 1024K, 38 young (38912K), 5 survivors (5120K)
 Metaspace       used 8102K, committed 8448K, reserved 1114112K
  class space    used 1045K, committed 1216K, reserved 1048576K
}

